2019-10-11 17:02:04,244 DEBUG [main] cache:45 - Couldn't find template in cache for "Extent.ftl"("en_US", UTF-8, parsed); will try to load it.
2019-10-11 17:02:04,249 DEBUG [main] cache:45 - TemplateLoader.findTemplateSource("Extent_en_US.ftl"): Not found
2019-10-11 17:02:04,253 DEBUG [main] cache:45 - TemplateLoader.findTemplateSource("Extent_en.ftl"): Not found
2019-10-11 17:02:04,255 DEBUG [main] cache:45 - TemplateLoader.findTemplateSource("Extent.ftl"): Found
2019-10-11 17:02:04,256 DEBUG [main] cache:45 - Loading template for "Extent.ftl"("en_US", UTF-8, parsed) from "jar:file:/C:/Users/saurabh.chauhan/.m2/repository/com/relevantcodes/extentreports/2.41.2/extentreports-2.41.2.jar!/com/relevantcodes/extentreports/view/Extent.ftl"
2019-10-11 17:02:05,047 DEBUG [main] cache:45 - Couldn't find template in cache for "Extent.ftl"("en_US", UTF-8, parsed); will try to load it.
2019-10-11 17:02:05,049 DEBUG [main] cache:45 - TemplateLoader.findTemplateSource("Extent_en_US.ftl"): Not found
2019-10-11 17:02:05,051 DEBUG [main] cache:45 - TemplateLoader.findTemplateSource("Extent_en.ftl"): Not found
2019-10-11 17:02:05,053 DEBUG [main] cache:45 - TemplateLoader.findTemplateSource("Extent.ftl"): Found
2019-10-11 17:02:05,054 DEBUG [main] cache:45 - Loading template for "Extent.ftl"("en_US", UTF-8, parsed) from "jar:file:/C:/Users/saurabh.chauhan/.m2/repository/com/relevantcodes/extentreports/2.41.2/extentreports-2.41.2.jar!/com/relevantcodes/extentreports/view/Extent.ftl"
2019-10-11 17:06:19,633 DEBUG [main] cache:45 - Couldn't find template in cache for "Extent.ftl"("en_US", UTF-8, parsed); will try to load it.
2019-10-11 17:06:19,637 DEBUG [main] cache:45 - TemplateLoader.findTemplateSource("Extent_en_US.ftl"): Not found
2019-10-11 17:06:19,639 DEBUG [main] cache:45 - TemplateLoader.findTemplateSource("Extent_en.ftl"): Not found
2019-10-11 17:06:19,641 DEBUG [main] cache:45 - TemplateLoader.findTemplateSource("Extent.ftl"): Found
2019-10-11 17:06:19,642 DEBUG [main] cache:45 - Loading template for "Extent.ftl"("en_US", UTF-8, parsed) from "jar:file:/C:/Users/saurabh.chauhan/.m2/repository/com/relevantcodes/extentreports/2.41.2/extentreports-2.41.2.jar!/com/relevantcodes/extentreports/view/Extent.ftl"
2019-10-11 17:06:19,949 DEBUG [main] cache:45 - Couldn't find template in cache for "Extent.ftl"("en_US", UTF-8, parsed); will try to load it.
2019-10-11 17:06:19,951 DEBUG [main] cache:45 - TemplateLoader.findTemplateSource("Extent_en_US.ftl"): Not found
2019-10-11 17:06:19,952 DEBUG [main] cache:45 - TemplateLoader.findTemplateSource("Extent_en.ftl"): Not found
2019-10-11 17:06:19,953 DEBUG [main] cache:45 - TemplateLoader.findTemplateSource("Extent.ftl"): Found
2019-10-11 17:06:19,954 DEBUG [main] cache:45 - Loading template for "Extent.ftl"("en_US", UTF-8, parsed) from "jar:file:/C:/Users/saurabh.chauhan/.m2/repository/com/relevantcodes/extentreports/2.41.2/extentreports-2.41.2.jar!/com/relevantcodes/extentreports/view/Extent.ftl"
2019-10-11 17:10:38,670 DEBUG [main] cache:45 - Couldn't find template in cache for "Extent.ftl"("en_US", UTF-8, parsed); will try to load it.
2019-10-11 17:10:38,680 DEBUG [main] cache:45 - TemplateLoader.findTemplateSource("Extent_en_US.ftl"): Not found
2019-10-11 17:10:38,683 DEBUG [main] cache:45 - TemplateLoader.findTemplateSource("Extent_en.ftl"): Not found
2019-10-11 17:10:38,685 DEBUG [main] cache:45 - TemplateLoader.findTemplateSource("Extent.ftl"): Found
2019-10-11 17:10:38,687 DEBUG [main] cache:45 - Loading template for "Extent.ftl"("en_US", UTF-8, parsed) from "jar:file:/C:/Users/saurabh.chauhan/.m2/repository/com/relevantcodes/extentreports/2.41.2/extentreports-2.41.2.jar!/com/relevantcodes/extentreports/view/Extent.ftl"
2019-10-11 17:10:39,130 DEBUG [main] cache:45 - Couldn't find template in cache for "Extent.ftl"("en_US", UTF-8, parsed); will try to load it.
2019-10-11 17:10:39,131 DEBUG [main] cache:45 - TemplateLoader.findTemplateSource("Extent_en_US.ftl"): Not found
2019-10-11 17:10:39,131 DEBUG [main] cache:45 - TemplateLoader.findTemplateSource("Extent_en.ftl"): Not found
2019-10-11 17:10:39,132 DEBUG [main] cache:45 - TemplateLoader.findTemplateSource("Extent.ftl"): Found
2019-10-11 17:10:39,133 DEBUG [main] cache:45 - Loading template for "Extent.ftl"("en_US", UTF-8, parsed) from "jar:file:/C:/Users/saurabh.chauhan/.m2/repository/com/relevantcodes/extentreports/2.41.2/extentreports-2.41.2.jar!/com/relevantcodes/extentreports/view/Extent.ftl"
2019-10-11 17:15:46,517 DEBUG [main] cache:45 - Couldn't find template in cache for "Extent.ftl"("en_US", UTF-8, parsed); will try to load it.
2019-10-11 17:15:46,521 DEBUG [main] cache:45 - TemplateLoader.findTemplateSource("Extent_en_US.ftl"): Not found
2019-10-11 17:15:46,522 DEBUG [main] cache:45 - TemplateLoader.findTemplateSource("Extent_en.ftl"): Not found
2019-10-11 17:15:46,524 DEBUG [main] cache:45 - TemplateLoader.findTemplateSource("Extent.ftl"): Found
2019-10-11 17:15:46,525 DEBUG [main] cache:45 - Loading template for "Extent.ftl"("en_US", UTF-8, parsed) from "jar:file:/C:/Users/saurabh.chauhan/.m2/repository/com/relevantcodes/extentreports/2.41.2/extentreports-2.41.2.jar!/com/relevantcodes/extentreports/view/Extent.ftl"
2019-10-11 17:15:46,831 DEBUG [main] cache:45 - Couldn't find template in cache for "Extent.ftl"("en_US", UTF-8, parsed); will try to load it.
2019-10-11 17:15:46,831 DEBUG [main] cache:45 - TemplateLoader.findTemplateSource("Extent_en_US.ftl"): Not found
2019-10-11 17:15:46,832 DEBUG [main] cache:45 - TemplateLoader.findTemplateSource("Extent_en.ftl"): Not found
2019-10-11 17:15:46,833 DEBUG [main] cache:45 - TemplateLoader.findTemplateSource("Extent.ftl"): Found
2019-10-11 17:15:46,833 DEBUG [main] cache:45 - Loading template for "Extent.ftl"("en_US", UTF-8, parsed) from "jar:file:/C:/Users/saurabh.chauhan/.m2/repository/com/relevantcodes/extentreports/2.41.2/extentreports-2.41.2.jar!/com/relevantcodes/extentreports/view/Extent.ftl"
2019-10-11 17:23:50,144 DEBUG [main] cache:45 - Couldn't find template in cache for "Extent.ftl"("en_US", UTF-8, parsed); will try to load it.
2019-10-11 17:23:50,148 DEBUG [main] cache:45 - TemplateLoader.findTemplateSource("Extent_en_US.ftl"): Not found
2019-10-11 17:23:50,152 DEBUG [main] cache:45 - TemplateLoader.findTemplateSource("Extent_en.ftl"): Not found
2019-10-11 17:23:50,156 DEBUG [main] cache:45 - TemplateLoader.findTemplateSource("Extent.ftl"): Found
2019-10-11 17:23:50,160 DEBUG [main] cache:45 - Loading template for "Extent.ftl"("en_US", UTF-8, parsed) from "jar:file:/C:/Users/saurabh.chauhan/.m2/repository/com/relevantcodes/extentreports/2.41.2/extentreports-2.41.2.jar!/com/relevantcodes/extentreports/view/Extent.ftl"
2019-10-11 17:23:50,616 DEBUG [main] cache:45 - Couldn't find template in cache for "Extent.ftl"("en_US", UTF-8, parsed); will try to load it.
2019-10-11 17:23:50,616 DEBUG [main] cache:45 - TemplateLoader.findTemplateSource("Extent_en_US.ftl"): Not found
2019-10-11 17:23:50,620 DEBUG [main] cache:45 - TemplateLoader.findTemplateSource("Extent_en.ftl"): Not found
2019-10-11 17:23:50,620 DEBUG [main] cache:45 - TemplateLoader.findTemplateSource("Extent.ftl"): Found
2019-10-11 17:23:50,620 DEBUG [main] cache:45 - Loading template for "Extent.ftl"("en_US", UTF-8, parsed) from "jar:file:/C:/Users/saurabh.chauhan/.m2/repository/com/relevantcodes/extentreports/2.41.2/extentreports-2.41.2.jar!/com/relevantcodes/extentreports/view/Extent.ftl"
2019-10-11 17:36:57,045 DEBUG [main] cache:45 - Couldn't find template in cache for "Extent.ftl"("en_US", UTF-8, parsed); will try to load it.
2019-10-11 17:36:57,049 DEBUG [main] cache:45 - TemplateLoader.findTemplateSource("Extent_en_US.ftl"): Not found
2019-10-11 17:36:57,057 DEBUG [main] cache:45 - TemplateLoader.findTemplateSource("Extent_en.ftl"): Not found
2019-10-11 17:36:57,057 DEBUG [main] cache:45 - TemplateLoader.findTemplateSource("Extent.ftl"): Found
2019-10-11 17:36:57,061 DEBUG [main] cache:45 - Loading template for "Extent.ftl"("en_US", UTF-8, parsed) from "jar:file:/C:/Users/saurabh.chauhan/.m2/repository/com/relevantcodes/extentreports/2.41.2/extentreports-2.41.2.jar!/com/relevantcodes/extentreports/view/Extent.ftl"
2019-10-11 17:36:57,641 DEBUG [main] cache:45 - Couldn't find template in cache for "Extent.ftl"("en_US", UTF-8, parsed); will try to load it.
2019-10-11 17:36:57,641 DEBUG [main] cache:45 - TemplateLoader.findTemplateSource("Extent_en_US.ftl"): Not found
2019-10-11 17:36:57,641 DEBUG [main] cache:45 - TemplateLoader.findTemplateSource("Extent_en.ftl"): Not found
2019-10-11 17:36:57,645 DEBUG [main] cache:45 - TemplateLoader.findTemplateSource("Extent.ftl"): Found
2019-10-11 17:36:57,645 DEBUG [main] cache:45 - Loading template for "Extent.ftl"("en_US", UTF-8, parsed) from "jar:file:/C:/Users/saurabh.chauhan/.m2/repository/com/relevantcodes/extentreports/2.41.2/extentreports-2.41.2.jar!/com/relevantcodes/extentreports/view/Extent.ftl"
2019-10-11 17:42:34,044 DEBUG [main] cache:45 - Couldn't find template in cache for "Extent.ftl"("en_US", UTF-8, parsed); will try to load it.
2019-10-11 17:42:34,059 DEBUG [main] cache:45 - TemplateLoader.findTemplateSource("Extent_en_US.ftl"): Not found
2019-10-11 17:42:34,059 DEBUG [main] cache:45 - TemplateLoader.findTemplateSource("Extent_en.ftl"): Not found
2019-10-11 17:42:34,059 DEBUG [main] cache:45 - TemplateLoader.findTemplateSource("Extent.ftl"): Found
2019-10-11 17:42:34,059 DEBUG [main] cache:45 - Loading template for "Extent.ftl"("en_US", UTF-8, parsed) from "jar:file:/C:/Users/saurabh.chauhan/.m2/repository/com/relevantcodes/extentreports/2.41.2/extentreports-2.41.2.jar!/com/relevantcodes/extentreports/view/Extent.ftl"
2019-10-11 17:42:34,325 DEBUG [main] cache:45 - Couldn't find template in cache for "Extent.ftl"("en_US", UTF-8, parsed); will try to load it.
2019-10-11 17:42:34,325 DEBUG [main] cache:45 - TemplateLoader.findTemplateSource("Extent_en_US.ftl"): Not found
2019-10-11 17:42:34,325 DEBUG [main] cache:45 - TemplateLoader.findTemplateSource("Extent_en.ftl"): Not found
2019-10-11 17:42:34,325 DEBUG [main] cache:45 - TemplateLoader.findTemplateSource("Extent.ftl"): Found
2019-10-11 17:42:34,325 DEBUG [main] cache:45 - Loading template for "Extent.ftl"("en_US", UTF-8, parsed) from "jar:file:/C:/Users/saurabh.chauhan/.m2/repository/com/relevantcodes/extentreports/2.41.2/extentreports-2.41.2.jar!/com/relevantcodes/extentreports/view/Extent.ftl"
2019-10-11 17:46:31,566 DEBUG [main] cache:45 - Couldn't find template in cache for "Extent.ftl"("en_US", UTF-8, parsed); will try to load it.
2019-10-11 17:46:31,570 DEBUG [main] cache:45 - TemplateLoader.findTemplateSource("Extent_en_US.ftl"): Not found
2019-10-11 17:46:31,574 DEBUG [main] cache:45 - TemplateLoader.findTemplateSource("Extent_en.ftl"): Not found
2019-10-11 17:46:31,578 DEBUG [main] cache:45 - TemplateLoader.findTemplateSource("Extent.ftl"): Found
2019-10-11 17:46:31,578 DEBUG [main] cache:45 - Loading template for "Extent.ftl"("en_US", UTF-8, parsed) from "jar:file:/C:/Users/saurabh.chauhan/.m2/repository/com/relevantcodes/extentreports/2.41.2/extentreports-2.41.2.jar!/com/relevantcodes/extentreports/view/Extent.ftl"
2019-10-11 17:46:32,002 DEBUG [main] cache:45 - Couldn't find template in cache for "Extent.ftl"("en_US", UTF-8, parsed); will try to load it.
2019-10-11 17:46:32,006 DEBUG [main] cache:45 - TemplateLoader.findTemplateSource("Extent_en_US.ftl"): Not found
2019-10-11 17:46:32,006 DEBUG [main] cache:45 - TemplateLoader.findTemplateSource("Extent_en.ftl"): Not found
2019-10-11 17:46:32,010 DEBUG [main] cache:45 - TemplateLoader.findTemplateSource("Extent.ftl"): Found
2019-10-11 17:46:32,010 DEBUG [main] cache:45 - Loading template for "Extent.ftl"("en_US", UTF-8, parsed) from "jar:file:/C:/Users/saurabh.chauhan/.m2/repository/com/relevantcodes/extentreports/2.41.2/extentreports-2.41.2.jar!/com/relevantcodes/extentreports/view/Extent.ftl"
2019-10-11 17:58:35,094 DEBUG [main] cache:45 - Couldn't find template in cache for "Extent.ftl"("en_US", UTF-8, parsed); will try to load it.
2019-10-11 17:58:35,098 DEBUG [main] cache:45 - TemplateLoader.findTemplateSource("Extent_en_US.ftl"): Not found
2019-10-11 17:58:35,102 DEBUG [main] cache:45 - TemplateLoader.findTemplateSource("Extent_en.ftl"): Not found
2019-10-11 17:58:35,106 DEBUG [main] cache:45 - TemplateLoader.findTemplateSource("Extent.ftl"): Found
2019-10-11 17:58:35,110 DEBUG [main] cache:45 - Loading template for "Extent.ftl"("en_US", UTF-8, parsed) from "jar:file:/C:/Users/saurabh.chauhan/.m2/repository/com/relevantcodes/extentreports/2.41.2/extentreports-2.41.2.jar!/com/relevantcodes/extentreports/view/Extent.ftl"
2019-10-11 17:58:35,537 DEBUG [main] cache:45 - Couldn't find template in cache for "Extent.ftl"("en_US", UTF-8, parsed); will try to load it.
2019-10-11 17:58:35,537 DEBUG [main] cache:45 - TemplateLoader.findTemplateSource("Extent_en_US.ftl"): Not found
2019-10-11 17:58:35,537 DEBUG [main] cache:45 - TemplateLoader.findTemplateSource("Extent_en.ftl"): Not found
2019-10-11 17:58:35,537 DEBUG [main] cache:45 - TemplateLoader.findTemplateSource("Extent.ftl"): Found
2019-10-11 17:58:35,537 DEBUG [main] cache:45 - Loading template for "Extent.ftl"("en_US", UTF-8, parsed) from "jar:file:/C:/Users/saurabh.chauhan/.m2/repository/com/relevantcodes/extentreports/2.41.2/extentreports-2.41.2.jar!/com/relevantcodes/extentreports/view/Extent.ftl"
2019-10-11 18:00:07,852 DEBUG [main] cache:45 - Couldn't find template in cache for "Extent.ftl"("en_US", UTF-8, parsed); will try to load it.
2019-10-11 18:00:07,856 DEBUG [main] cache:45 - TemplateLoader.findTemplateSource("Extent_en_US.ftl"): Not found
2019-10-11 18:00:07,860 DEBUG [main] cache:45 - TemplateLoader.findTemplateSource("Extent_en.ftl"): Not found
2019-10-11 18:00:07,860 DEBUG [main] cache:45 - TemplateLoader.findTemplateSource("Extent.ftl"): Found
2019-10-11 18:00:07,864 DEBUG [main] cache:45 - Loading template for "Extent.ftl"("en_US", UTF-8, parsed) from "jar:file:/C:/Users/saurabh.chauhan/.m2/repository/com/relevantcodes/extentreports/2.41.2/extentreports-2.41.2.jar!/com/relevantcodes/extentreports/view/Extent.ftl"
2019-10-11 18:00:08,196 DEBUG [main] cache:45 - Couldn't find template in cache for "Extent.ftl"("en_US", UTF-8, parsed); will try to load it.
2019-10-11 18:00:08,196 DEBUG [main] cache:45 - TemplateLoader.findTemplateSource("Extent_en_US.ftl"): Not found
2019-10-11 18:00:08,196 DEBUG [main] cache:45 - TemplateLoader.findTemplateSource("Extent_en.ftl"): Not found
2019-10-11 18:00:08,200 DEBUG [main] cache:45 - TemplateLoader.findTemplateSource("Extent.ftl"): Found
2019-10-11 18:00:08,200 DEBUG [main] cache:45 - Loading template for "Extent.ftl"("en_US", UTF-8, parsed) from "jar:file:/C:/Users/saurabh.chauhan/.m2/repository/com/relevantcodes/extentreports/2.41.2/extentreports-2.41.2.jar!/com/relevantcodes/extentreports/view/Extent.ftl"
2019-10-11 18:55:38,818 DEBUG [main] cache:45 - Couldn't find template in cache for "Extent.ftl"("en_US", UTF-8, parsed); will try to load it.
2019-10-11 18:55:38,823 DEBUG [main] cache:45 - TemplateLoader.findTemplateSource("Extent_en_US.ftl"): Not found
2019-10-11 18:55:38,827 DEBUG [main] cache:45 - TemplateLoader.findTemplateSource("Extent_en.ftl"): Not found
2019-10-11 18:55:38,829 DEBUG [main] cache:45 - TemplateLoader.findTemplateSource("Extent.ftl"): Found
2019-10-11 18:55:38,830 DEBUG [main] cache:45 - Loading template for "Extent.ftl"("en_US", UTF-8, parsed) from "jar:file:/C:/Users/saurabh.chauhan/.m2/repository/com/relevantcodes/extentreports/2.41.2/extentreports-2.41.2.jar!/com/relevantcodes/extentreports/view/Extent.ftl"
2019-10-11 18:55:39,307 DEBUG [main] cache:45 - Couldn't find template in cache for "Extent.ftl"("en_US", UTF-8, parsed); will try to load it.
2019-10-11 18:55:39,309 DEBUG [main] cache:45 - TemplateLoader.findTemplateSource("Extent_en_US.ftl"): Not found
2019-10-11 18:55:39,310 DEBUG [main] cache:45 - TemplateLoader.findTemplateSource("Extent_en.ftl"): Not found
2019-10-11 18:55:39,311 DEBUG [main] cache:45 - TemplateLoader.findTemplateSource("Extent.ftl"): Found
2019-10-11 18:55:39,311 DEBUG [main] cache:45 - Loading template for "Extent.ftl"("en_US", UTF-8, parsed) from "jar:file:/C:/Users/saurabh.chauhan/.m2/repository/com/relevantcodes/extentreports/2.41.2/extentreports-2.41.2.jar!/com/relevantcodes/extentreports/view/Extent.ftl"
2019-10-11 19:18:57,115 DEBUG [main] cache:45 - Couldn't find template in cache for "Extent.ftl"("en_US", UTF-8, parsed); will try to load it.
2019-10-11 19:18:57,119 DEBUG [main] cache:45 - TemplateLoader.findTemplateSource("Extent_en_US.ftl"): Not found
2019-10-11 19:18:57,123 DEBUG [main] cache:45 - TemplateLoader.findTemplateSource("Extent_en.ftl"): Not found
2019-10-11 19:18:57,127 DEBUG [main] cache:45 - TemplateLoader.findTemplateSource("Extent.ftl"): Found
2019-10-11 19:18:57,127 DEBUG [main] cache:45 - Loading template for "Extent.ftl"("en_US", UTF-8, parsed) from "jar:file:/C:/Users/saurabh.chauhan/.m2/repository/com/relevantcodes/extentreports/2.41.2/extentreports-2.41.2.jar!/com/relevantcodes/extentreports/view/Extent.ftl"
2019-10-11 19:18:57,711 DEBUG [main] cache:45 - Couldn't find template in cache for "Extent.ftl"("en_US", UTF-8, parsed); will try to load it.
2019-10-11 19:18:57,715 DEBUG [main] cache:45 - TemplateLoader.findTemplateSource("Extent_en_US.ftl"): Not found
2019-10-11 19:18:57,715 DEBUG [main] cache:45 - TemplateLoader.findTemplateSource("Extent_en.ftl"): Not found
2019-10-11 19:18:57,727 DEBUG [main] cache:45 - TemplateLoader.findTemplateSource("Extent.ftl"): Found
2019-10-11 19:18:57,727 DEBUG [main] cache:45 - Loading template for "Extent.ftl"("en_US", UTF-8, parsed) from "jar:file:/C:/Users/saurabh.chauhan/.m2/repository/com/relevantcodes/extentreports/2.41.2/extentreports-2.41.2.jar!/com/relevantcodes/extentreports/view/Extent.ftl"
2019-10-14 14:21:08,095 DEBUG [main] cache:45 - Couldn't find template in cache for "Extent.ftl"("en_US", UTF-8, parsed); will try to load it.
2019-10-14 14:21:08,095 DEBUG [main] cache:45 - TemplateLoader.findTemplateSource("Extent_en_US.ftl"): Not found
2019-10-14 14:21:08,111 DEBUG [main] cache:45 - TemplateLoader.findTemplateSource("Extent_en.ftl"): Not found
2019-10-14 14:21:08,111 DEBUG [main] cache:45 - TemplateLoader.findTemplateSource("Extent.ftl"): Found
2019-10-14 14:21:08,111 DEBUG [main] cache:45 - Loading template for "Extent.ftl"("en_US", UTF-8, parsed) from "jar:file:/C:/Users/saurabh.chauhan/.m2/repository/com/relevantcodes/extentreports/2.41.2/extentreports-2.41.2.jar!/com/relevantcodes/extentreports/view/Extent.ftl"
2019-10-14 14:21:08,563 DEBUG [main] cache:45 - Couldn't find template in cache for "Extent.ftl"("en_US", UTF-8, parsed); will try to load it.
2019-10-14 14:21:08,563 DEBUG [main] cache:45 - TemplateLoader.findTemplateSource("Extent_en_US.ftl"): Not found
2019-10-14 14:21:08,563 DEBUG [main] cache:45 - TemplateLoader.findTemplateSource("Extent_en.ftl"): Not found
2019-10-14 14:21:08,563 DEBUG [main] cache:45 - TemplateLoader.findTemplateSource("Extent.ftl"): Found
2019-10-14 14:21:08,563 DEBUG [main] cache:45 - Loading template for "Extent.ftl"("en_US", UTF-8, parsed) from "jar:file:/C:/Users/saurabh.chauhan/.m2/repository/com/relevantcodes/extentreports/2.41.2/extentreports-2.41.2.jar!/com/relevantcodes/extentreports/view/Extent.ftl"
2019-10-14 14:33:02,804  INFO [main] HomePageComputerPeripherals:35 - Files loaded
2019-10-14 14:33:02,822  INFO [main] HeroImageProducttestscripts:31 - Files has been loaded
2019-10-14 14:33:02,853  INFO [main] HomePagetestscripts:43 - Starting Redirection validation
2019-10-14 14:33:03,623  INFO [main] HeroImageProducttestscripts:42 - Starting Redirection validation
2019-10-14 14:33:12,262  INFO [main] HeroImageProducttestscripts:60 - Content validation is correct
2019-10-14 14:33:13,125  INFO [main] HeroImageProducttestscripts:76 - Content is present
2019-10-14 14:33:13,125  INFO [main] HeroImageProducttestscripts:77 - Starting Sorting functionality testing
2019-10-14 14:33:18,962 DEBUG [main] cache:45 - Couldn't find template in cache for "Extent.ftl"("en_US", UTF-8, parsed); will try to load it.
2019-10-14 14:33:18,965 DEBUG [main] cache:45 - TemplateLoader.findTemplateSource("Extent_en_US.ftl"): Not found
2019-10-14 14:33:18,967 DEBUG [main] cache:45 - TemplateLoader.findTemplateSource("Extent_en.ftl"): Not found
2019-10-14 14:33:18,971 DEBUG [main] cache:45 - TemplateLoader.findTemplateSource("Extent.ftl"): Found
2019-10-14 14:33:18,972 DEBUG [main] cache:45 - Loading template for "Extent.ftl"("en_US", UTF-8, parsed) from "jar:file:/C:/Users/saurabh.chauhan/.m2/repository/com/relevantcodes/extentreports/2.41.2/extentreports-2.41.2.jar!/com/relevantcodes/extentreports/view/Extent.ftl"
2019-10-14 14:33:19,446 DEBUG [main] cache:45 - Couldn't find template in cache for "Extent.ftl"("en_US", UTF-8, parsed); will try to load it.
2019-10-14 14:33:19,447 DEBUG [main] cache:45 - TemplateLoader.findTemplateSource("Extent_en_US.ftl"): Not found
2019-10-14 14:33:19,448 DEBUG [main] cache:45 - TemplateLoader.findTemplateSource("Extent_en.ftl"): Not found
2019-10-14 14:33:19,450 DEBUG [main] cache:45 - TemplateLoader.findTemplateSource("Extent.ftl"): Found
2019-10-14 14:33:19,455 DEBUG [main] cache:45 - Loading template for "Extent.ftl"("en_US", UTF-8, parsed) from "jar:file:/C:/Users/saurabh.chauhan/.m2/repository/com/relevantcodes/extentreports/2.41.2/extentreports-2.41.2.jar!/com/relevantcodes/extentreports/view/Extent.ftl"
2019-10-14 14:42:37,960  INFO [main] HomePagetestscripts:43 - Starting Redirection validation
2019-10-14 14:43:00,031  INFO [main] HeroImageProducttestscripts:31 - Files has been loaded
2019-10-14 14:43:00,036  INFO [main] HeroImageProducttestscripts:42 - Starting Redirection validation
2019-10-14 14:43:19,540  INFO [main] HomePageComputerPeripherals:35 - Files loaded
2019-10-14 14:43:19,636 DEBUG [main] cache:45 - Couldn't find template in cache for "Extent.ftl"("en_US", UTF-8, parsed); will try to load it.
2019-10-14 14:43:19,638 DEBUG [main] cache:45 - TemplateLoader.findTemplateSource("Extent_en_US.ftl"): Not found
2019-10-14 14:43:19,641 DEBUG [main] cache:45 - TemplateLoader.findTemplateSource("Extent_en.ftl"): Not found
2019-10-14 14:43:19,644 DEBUG [main] cache:45 - TemplateLoader.findTemplateSource("Extent.ftl"): Found
2019-10-14 14:43:19,645 DEBUG [main] cache:45 - Loading template for "Extent.ftl"("en_US", UTF-8, parsed) from "jar:file:/C:/Users/saurabh.chauhan/.m2/repository/com/relevantcodes/extentreports/2.41.2/extentreports-2.41.2.jar!/com/relevantcodes/extentreports/view/Extent.ftl"
2019-10-14 14:43:20,142 DEBUG [main] cache:45 - Couldn't find template in cache for "Extent.ftl"("en_US", UTF-8, parsed); will try to load it.
2019-10-14 14:43:20,144 DEBUG [main] cache:45 - TemplateLoader.findTemplateSource("Extent_en_US.ftl"): Not found
2019-10-14 14:43:20,144 DEBUG [main] cache:45 - TemplateLoader.findTemplateSource("Extent_en.ftl"): Not found
2019-10-14 14:43:20,145 DEBUG [main] cache:45 - TemplateLoader.findTemplateSource("Extent.ftl"): Found
2019-10-14 14:43:20,147 DEBUG [main] cache:45 - Loading template for "Extent.ftl"("en_US", UTF-8, parsed) from "jar:file:/C:/Users/saurabh.chauhan/.m2/repository/com/relevantcodes/extentreports/2.41.2/extentreports-2.41.2.jar!/com/relevantcodes/extentreports/view/Extent.ftl"
2019-10-14 14:45:17,163  INFO [main] HomePagetestscripts:43 - Starting Redirection validation
2019-10-14 14:45:37,542  INFO [main] HeroImageProducttestscripts:31 - Files has been loaded
2019-10-14 14:45:37,549  INFO [main] HeroImageProducttestscripts:42 - Starting Redirection validation
2019-10-14 14:45:45,018  INFO [main] HeroImageProducttestscripts:60 - Content validation is correct
2019-10-14 14:45:45,980  INFO [main] HeroImageProducttestscripts:76 - Content is present
2019-10-14 14:45:45,981  INFO [main] HeroImageProducttestscripts:77 - Starting Sorting functionality testing
2019-10-14 14:46:06,267  INFO [main] HomePageComputerPeripherals:35 - Files loaded
2019-10-14 14:46:06,407 DEBUG [main] cache:45 - Couldn't find template in cache for "Extent.ftl"("en_US", UTF-8, parsed); will try to load it.
2019-10-14 14:46:06,410 DEBUG [main] cache:45 - TemplateLoader.findTemplateSource("Extent_en_US.ftl"): Not found
2019-10-14 14:46:06,416 DEBUG [main] cache:45 - TemplateLoader.findTemplateSource("Extent_en.ftl"): Not found
2019-10-14 14:46:06,419 DEBUG [main] cache:45 - TemplateLoader.findTemplateSource("Extent.ftl"): Found
2019-10-14 14:46:06,420 DEBUG [main] cache:45 - Loading template for "Extent.ftl"("en_US", UTF-8, parsed) from "jar:file:/C:/Users/saurabh.chauhan/.m2/repository/com/relevantcodes/extentreports/2.41.2/extentreports-2.41.2.jar!/com/relevantcodes/extentreports/view/Extent.ftl"
2019-10-14 14:46:06,978 DEBUG [main] cache:45 - Couldn't find template in cache for "Extent.ftl"("en_US", UTF-8, parsed); will try to load it.
2019-10-14 14:46:06,979 DEBUG [main] cache:45 - TemplateLoader.findTemplateSource("Extent_en_US.ftl"): Not found
2019-10-14 14:46:06,980 DEBUG [main] cache:45 - TemplateLoader.findTemplateSource("Extent_en.ftl"): Not found
2019-10-14 14:46:06,981 DEBUG [main] cache:45 - TemplateLoader.findTemplateSource("Extent.ftl"): Found
2019-10-14 14:46:06,983 DEBUG [main] cache:45 - Loading template for "Extent.ftl"("en_US", UTF-8, parsed) from "jar:file:/C:/Users/saurabh.chauhan/.m2/repository/com/relevantcodes/extentreports/2.41.2/extentreports-2.41.2.jar!/com/relevantcodes/extentreports/view/Extent.ftl"
2019-10-14 15:01:56,068  INFO [main] HomePagetestscripts:43 - Starting Redirection validation
2019-10-14 15:01:59,408  INFO [main] HeroImageProducttestscripts:31 - Files has been loaded
2019-10-14 15:01:59,413  INFO [main] HeroImageProducttestscripts:42 - Starting Redirection validation
2019-10-14 15:02:03,163  INFO [main] HomePageComputerPeripherals:35 - Files loaded
2019-10-14 15:02:03,244 DEBUG [main] cache:45 - Couldn't find template in cache for "Extent.ftl"("en_US", UTF-8, parsed); will try to load it.
2019-10-14 15:02:03,247 DEBUG [main] cache:45 - TemplateLoader.findTemplateSource("Extent_en_US.ftl"): Not found
2019-10-14 15:02:03,251 DEBUG [main] cache:45 - TemplateLoader.findTemplateSource("Extent_en.ftl"): Not found
2019-10-14 15:02:03,254 DEBUG [main] cache:45 - TemplateLoader.findTemplateSource("Extent.ftl"): Found
2019-10-14 15:02:03,255 DEBUG [main] cache:45 - Loading template for "Extent.ftl"("en_US", UTF-8, parsed) from "jar:file:/C:/Users/saurabh.chauhan/.m2/repository/com/relevantcodes/extentreports/2.41.2/extentreports-2.41.2.jar!/com/relevantcodes/extentreports/view/Extent.ftl"
2019-10-14 15:02:04,066 DEBUG [main] cache:45 - Couldn't find template in cache for "Extent.ftl"("en_US", UTF-8, parsed); will try to load it.
2019-10-14 15:02:04,067 DEBUG [main] cache:45 - TemplateLoader.findTemplateSource("Extent_en_US.ftl"): Not found
2019-10-14 15:02:04,068 DEBUG [main] cache:45 - TemplateLoader.findTemplateSource("Extent_en.ftl"): Not found
2019-10-14 15:02:04,077 DEBUG [main] cache:45 - TemplateLoader.findTemplateSource("Extent.ftl"): Found
2019-10-14 15:02:04,078 DEBUG [main] cache:45 - Loading template for "Extent.ftl"("en_US", UTF-8, parsed) from "jar:file:/C:/Users/saurabh.chauhan/.m2/repository/com/relevantcodes/extentreports/2.41.2/extentreports-2.41.2.jar!/com/relevantcodes/extentreports/view/Extent.ftl"
2019-10-14 15:18:18,660  INFO [main] HomePagetestscripts:43 - Starting Redirection validation
2019-10-14 15:18:33,479  INFO [main] HeroImageProducttestscripts:31 - Files has been loaded
2019-10-14 15:18:33,605  INFO [main] HeroImageProducttestscripts:42 - Starting Redirection validation
2019-10-14 15:18:40,214  INFO [main] HeroImageProducttestscripts:60 - Content validation is correct
2019-10-14 15:18:41,172  INFO [main] HeroImageProducttestscripts:76 - Content is present
2019-10-14 15:18:41,172  INFO [main] HeroImageProducttestscripts:77 - Starting Sorting functionality testing
2019-10-14 15:19:08,882  INFO [main] HomePageComputerPeripherals:35 - Files loaded
2019-10-14 15:19:10,724 DEBUG [main] cache:45 - Couldn't find template in cache for "Extent.ftl"("en_US", UTF-8, parsed); will try to load it.
2019-10-14 15:19:10,727 DEBUG [main] cache:45 - TemplateLoader.findTemplateSource("Extent_en_US.ftl"): Not found
2019-10-14 15:19:10,731 DEBUG [main] cache:45 - TemplateLoader.findTemplateSource("Extent_en.ftl"): Not found
2019-10-14 15:19:10,733 DEBUG [main] cache:45 - TemplateLoader.findTemplateSource("Extent.ftl"): Found
2019-10-14 15:19:10,734 DEBUG [main] cache:45 - Loading template for "Extent.ftl"("en_US", UTF-8, parsed) from "jar:file:/C:/Users/saurabh.chauhan/.m2/repository/com/relevantcodes/extentreports/2.41.2/extentreports-2.41.2.jar!/com/relevantcodes/extentreports/view/Extent.ftl"
2019-10-14 15:19:14,100 DEBUG [main] cache:45 - Couldn't find template in cache for "Extent.ftl"("en_US", UTF-8, parsed); will try to load it.
2019-10-14 15:19:14,101 DEBUG [main] cache:45 - TemplateLoader.findTemplateSource("Extent_en_US.ftl"): Not found
2019-10-14 15:19:14,102 DEBUG [main] cache:45 - TemplateLoader.findTemplateSource("Extent_en.ftl"): Not found
2019-10-14 15:19:14,103 DEBUG [main] cache:45 - TemplateLoader.findTemplateSource("Extent.ftl"): Found
2019-10-14 15:19:14,105 DEBUG [main] cache:45 - Loading template for "Extent.ftl"("en_US", UTF-8, parsed) from "jar:file:/C:/Users/saurabh.chauhan/.m2/repository/com/relevantcodes/extentreports/2.41.2/extentreports-2.41.2.jar!/com/relevantcodes/extentreports/view/Extent.ftl"
2019-10-14 15:21:16,390  INFO [main] HomePagetestscripts:43 - Starting Redirection validation
2019-10-14 15:21:38,546  INFO [main] HeroImageProducttestscripts:31 - Files has been loaded
2019-10-14 15:21:38,552  INFO [main] HeroImageProducttestscripts:42 - Starting Redirection validation
2019-10-14 15:21:45,439  INFO [main] HeroImageProducttestscripts:60 - Content validation is correct
2019-10-14 15:21:46,386  INFO [main] HeroImageProducttestscripts:76 - Content is present
2019-10-14 15:21:46,387  INFO [main] HeroImageProducttestscripts:77 - Starting Sorting functionality testing
2019-10-14 15:22:47,279  INFO [main] HeroImageProducttestscripts:31 - Files has been loaded
2019-10-14 15:22:47,336  INFO [main] HeroImageProducttestscripts:42 - Starting Redirection validation
2019-10-14 15:22:53,627  INFO [main] HeroImageProducttestscripts:60 - Content validation is correct
2019-10-14 15:22:54,700  INFO [main] HeroImageProducttestscripts:76 - Content is present
2019-10-14 15:22:54,701  INFO [main] HeroImageProducttestscripts:77 - Starting Sorting functionality testing
2019-10-14 15:22:59,203 DEBUG [main] cache:45 - Couldn't find template in cache for "Extent.ftl"("en_US", UTF-8, parsed); will try to load it.
2019-10-14 15:22:59,206 DEBUG [main] cache:45 - TemplateLoader.findTemplateSource("Extent_en_US.ftl"): Not found
2019-10-14 15:22:59,209 DEBUG [main] cache:45 - TemplateLoader.findTemplateSource("Extent_en.ftl"): Not found
2019-10-14 15:22:59,211 DEBUG [main] cache:45 - TemplateLoader.findTemplateSource("Extent.ftl"): Found
2019-10-14 15:22:59,212 DEBUG [main] cache:45 - Loading template for "Extent.ftl"("en_US", UTF-8, parsed) from "jar:file:/C:/Users/saurabh.chauhan/.m2/repository/com/relevantcodes/extentreports/2.41.2/extentreports-2.41.2.jar!/com/relevantcodes/extentreports/view/Extent.ftl"
2019-10-14 15:22:59,739 DEBUG [main] cache:45 - Couldn't find template in cache for "Extent.ftl"("en_US", UTF-8, parsed); will try to load it.
2019-10-14 15:22:59,741 DEBUG [main] cache:45 - TemplateLoader.findTemplateSource("Extent_en_US.ftl"): Not found
2019-10-14 15:22:59,742 DEBUG [main] cache:45 - TemplateLoader.findTemplateSource("Extent_en.ftl"): Not found
2019-10-14 15:22:59,745 DEBUG [main] cache:45 - TemplateLoader.findTemplateSource("Extent.ftl"): Found
2019-10-14 15:22:59,746 DEBUG [main] cache:45 - Loading template for "Extent.ftl"("en_US", UTF-8, parsed) from "jar:file:/C:/Users/saurabh.chauhan/.m2/repository/com/relevantcodes/extentreports/2.41.2/extentreports-2.41.2.jar!/com/relevantcodes/extentreports/view/Extent.ftl"
2019-10-14 15:24:32,019  INFO [main] HomePagetestscripts:43 - Starting Redirection validation
2019-10-14 15:24:32,878 DEBUG [main] cache:45 - Couldn't find template in cache for "Extent.ftl"("en_US", UTF-8, parsed); will try to load it.
2019-10-14 15:24:32,882 DEBUG [main] cache:45 - TemplateLoader.findTemplateSource("Extent_en_US.ftl"): Not found
2019-10-14 15:24:32,886 DEBUG [main] cache:45 - TemplateLoader.findTemplateSource("Extent_en.ftl"): Not found
2019-10-14 15:24:32,897 DEBUG [main] cache:45 - TemplateLoader.findTemplateSource("Extent.ftl"): Found
2019-10-14 15:24:32,898 DEBUG [main] cache:45 - Loading template for "Extent.ftl"("en_US", UTF-8, parsed) from "jar:file:/C:/Users/saurabh.chauhan/.m2/repository/com/relevantcodes/extentreports/2.41.2/extentreports-2.41.2.jar!/com/relevantcodes/extentreports/view/Extent.ftl"
2019-10-14 15:24:33,574 DEBUG [main] cache:45 - Couldn't find template in cache for "Extent.ftl"("en_US", UTF-8, parsed); will try to load it.
2019-10-14 15:24:33,575 DEBUG [main] cache:45 - TemplateLoader.findTemplateSource("Extent_en_US.ftl"): Not found
2019-10-14 15:24:33,577 DEBUG [main] cache:45 - TemplateLoader.findTemplateSource("Extent_en.ftl"): Not found
2019-10-14 15:24:33,578 DEBUG [main] cache:45 - TemplateLoader.findTemplateSource("Extent.ftl"): Found
2019-10-14 15:24:33,580 DEBUG [main] cache:45 - Loading template for "Extent.ftl"("en_US", UTF-8, parsed) from "jar:file:/C:/Users/saurabh.chauhan/.m2/repository/com/relevantcodes/extentreports/2.41.2/extentreports-2.41.2.jar!/com/relevantcodes/extentreports/view/Extent.ftl"
2019-10-14 15:28:12,891  INFO [main] HomePagetestscripts:43 - Starting Redirection validation
2019-10-14 15:32:02,530  INFO [main] HomePagetestscripts:43 - Starting Redirection validation
2019-10-14 15:32:18,947  INFO [main] HeroImageProducttestscripts:31 - Files has been loaded
2019-10-14 15:32:18,959  INFO [main] HeroImageProducttestscripts:42 - Starting Redirection validation
2019-10-14 15:35:44,480  INFO [main] HomePagetestscripts:43 - Starting Redirection validation
2019-10-14 15:41:28,236  INFO [main] HomePagetestscripts:43 - Starting Redirection validation
2019-10-14 15:41:29,146 DEBUG [main] cache:45 - Couldn't find template in cache for "Extent.ftl"("en_US", UTF-8, parsed); will try to load it.
2019-10-14 15:41:29,146 DEBUG [main] cache:45 - TemplateLoader.findTemplateSource("Extent_en_US.ftl"): Not found
2019-10-14 15:41:29,162 DEBUG [main] cache:45 - TemplateLoader.findTemplateSource("Extent_en.ftl"): Not found
2019-10-14 15:41:29,162 DEBUG [main] cache:45 - TemplateLoader.findTemplateSource("Extent.ftl"): Found
2019-10-14 15:41:29,162 DEBUG [main] cache:45 - Loading template for "Extent.ftl"("en_US", UTF-8, parsed) from "jar:file:/C:/Users/saurabh.chauhan/.m2/repository/com/relevantcodes/extentreports/2.41.2/extentreports-2.41.2.jar!/com/relevantcodes/extentreports/view/Extent.ftl"
2019-10-14 15:41:29,725 DEBUG [main] cache:45 - Couldn't find template in cache for "Extent.ftl"("en_US", UTF-8, parsed); will try to load it.
2019-10-14 15:41:29,725 DEBUG [main] cache:45 - TemplateLoader.findTemplateSource("Extent_en_US.ftl"): Not found
2019-10-14 15:41:29,725 DEBUG [main] cache:45 - TemplateLoader.findTemplateSource("Extent_en.ftl"): Not found
2019-10-14 15:41:29,725 DEBUG [main] cache:45 - TemplateLoader.findTemplateSource("Extent.ftl"): Found
2019-10-14 15:41:29,725 DEBUG [main] cache:45 - Loading template for "Extent.ftl"("en_US", UTF-8, parsed) from "jar:file:/C:/Users/saurabh.chauhan/.m2/repository/com/relevantcodes/extentreports/2.41.2/extentreports-2.41.2.jar!/com/relevantcodes/extentreports/view/Extent.ftl"
2019-10-14 15:43:31,234  INFO [main] HomePagetestscripts:43 - Starting Redirection validation
2019-10-14 15:43:50,418  INFO [main] HeroImageProducttestscripts:31 - Files has been loaded
2019-10-14 15:43:50,442  INFO [main] HeroImageProducttestscripts:42 - Starting Redirection validation
2019-10-14 15:43:59,579  INFO [main] HeroImageProducttestscripts:60 - Content validation is correct
2019-10-14 15:44:01,219  INFO [main] HeroImageProducttestscripts:76 - Content is present
2019-10-14 15:44:01,219  INFO [main] HeroImageProducttestscripts:77 - Starting Sorting functionality testing
2019-10-14 15:50:24,060  INFO [main] HomePagetestscripts:43 - Starting Redirection validation
2019-10-14 15:53:49,476  INFO [main] HomePagetestscripts:43 - Starting Redirection validation
2019-10-14 15:53:49,524  INFO [main] HomePagetestscripts:45 - Redirection is on the correct page
2019-10-14 15:53:49,524  INFO [main] HomePagetestscripts:46 - Starting the homepage testing
2019-10-14 15:54:09,369  INFO [main] HomePagetestscripts:60 - Validation done
2019-10-14 15:54:11,334  INFO [main] HomePagetestscripts:60 - Validation done
2019-10-14 15:54:13,167  INFO [main] HomePagetestscripts:78 - Validation done
2019-10-14 15:54:14,659  INFO [main] HomePagetestscripts:78 - Validation done
2019-10-14 15:54:30,091  INFO [main] HeroImageProducttestscripts:31 - Files has been loaded
2019-10-14 15:54:30,099  INFO [main] HeroImageProducttestscripts:42 - Starting Redirection validation
2019-10-14 15:54:40,530  INFO [main] HeroImageProducttestscripts:60 - Content validation is correct
2019-10-14 15:54:40,761  INFO [main] HeroImageProducttestscripts:63 - Content is present
2019-10-14 15:54:40,761  INFO [main] HeroImageProducttestscripts:64 - Starting Sorting functionality testing
2019-10-14 15:54:40,975  INFO [main] HeroImageProducttestscripts:76 - Content is present
2019-10-14 15:54:40,976  INFO [main] HeroImageProducttestscripts:77 - Starting Sorting functionality testing
2019-10-14 15:55:18,026  INFO [main] HomePageComputerPeripherals:35 - Files loaded
2019-10-14 15:55:21,105  INFO [main] HomePageComputerPeripherals:54 - Validation done
2019-10-14 15:55:24,622  INFO [main] HomePageComputerPeripherals:74 - Validation done
2019-10-14 15:56:11,745 DEBUG [main] cache:45 - Couldn't find template in cache for "Extent.ftl"("en_US", UTF-8, parsed); will try to load it.
2019-10-14 15:56:11,747 DEBUG [main] cache:45 - TemplateLoader.findTemplateSource("Extent_en_US.ftl"): Not found
2019-10-14 15:56:11,749 DEBUG [main] cache:45 - TemplateLoader.findTemplateSource("Extent_en.ftl"): Not found
2019-10-14 15:56:11,752 DEBUG [main] cache:45 - TemplateLoader.findTemplateSource("Extent.ftl"): Found
2019-10-14 15:56:11,754 DEBUG [main] cache:45 - Loading template for "Extent.ftl"("en_US", UTF-8, parsed) from "jar:file:/C:/Users/saurabh.chauhan/.m2/repository/com/relevantcodes/extentreports/2.41.2/extentreports-2.41.2.jar!/com/relevantcodes/extentreports/view/Extent.ftl"
2019-10-14 15:56:12,133 DEBUG [main] cache:45 - Couldn't find template in cache for "Extent.ftl"("en_US", UTF-8, parsed); will try to load it.
2019-10-14 15:56:12,134 DEBUG [main] cache:45 - TemplateLoader.findTemplateSource("Extent_en_US.ftl"): Not found
2019-10-14 15:56:12,135 DEBUG [main] cache:45 - TemplateLoader.findTemplateSource("Extent_en.ftl"): Not found
2019-10-14 15:56:12,137 DEBUG [main] cache:45 - TemplateLoader.findTemplateSource("Extent.ftl"): Found
2019-10-14 15:56:12,137 DEBUG [main] cache:45 - Loading template for "Extent.ftl"("en_US", UTF-8, parsed) from "jar:file:/C:/Users/saurabh.chauhan/.m2/repository/com/relevantcodes/extentreports/2.41.2/extentreports-2.41.2.jar!/com/relevantcodes/extentreports/view/Extent.ftl"
2019-10-14 17:30:04,354  INFO [main] HomePagetestscripts:43 - Starting Redirection validation
2019-10-14 17:30:04,422  INFO [main] HomePagetestscripts:45 - Redirection is on the correct page
2019-10-14 17:30:04,423  INFO [main] HomePagetestscripts:46 - Starting the homepage testing
2019-10-14 17:31:02,233  INFO [main] HeroImageProducttestscripts:31 - Files has been loaded
2019-10-14 17:31:02,241  INFO [main] HeroImageProducttestscripts:42 - Starting Redirection validation
2019-10-14 17:31:10,560  INFO [main] HeroImageProducttestscripts:60 - Content validation is correct
2019-10-14 17:31:10,888  INFO [main] HeroImageProducttestscripts:63 - Content is present
2019-10-14 17:31:10,888  INFO [main] HeroImageProducttestscripts:64 - Starting Sorting functionality testing
2019-10-14 17:31:11,109  INFO [main] HeroImageProducttestscripts:76 - Content is present
2019-10-14 17:31:11,110  INFO [main] HeroImageProducttestscripts:77 - Starting Sorting functionality testing
2019-10-14 17:31:32,752  INFO [main] HomePageComputerPeripherals:35 - Files loaded
2019-10-14 17:32:33,962 DEBUG [main] cache:45 - Couldn't find template in cache for "Extent.ftl"("en_US", UTF-8, parsed); will try to load it.
2019-10-14 17:32:33,972 DEBUG [main] cache:45 - TemplateLoader.findTemplateSource("Extent_en_US.ftl"): Not found
2019-10-14 17:32:33,975 DEBUG [main] cache:45 - TemplateLoader.findTemplateSource("Extent_en.ftl"): Not found
2019-10-14 17:32:33,978 DEBUG [main] cache:45 - TemplateLoader.findTemplateSource("Extent.ftl"): Found
2019-10-14 17:32:33,979 DEBUG [main] cache:45 - Loading template for "Extent.ftl"("en_US", UTF-8, parsed) from "jar:file:/C:/Users/saurabh.chauhan/.m2/repository/com/relevantcodes/extentreports/2.41.2/extentreports-2.41.2.jar!/com/relevantcodes/extentreports/view/Extent.ftl"
2019-10-14 17:32:34,459 DEBUG [main] cache:45 - Couldn't find template in cache for "Extent.ftl"("en_US", UTF-8, parsed); will try to load it.
2019-10-14 17:32:34,461 DEBUG [main] cache:45 - TemplateLoader.findTemplateSource("Extent_en_US.ftl"): Not found
2019-10-14 17:32:34,462 DEBUG [main] cache:45 - TemplateLoader.findTemplateSource("Extent_en.ftl"): Not found
2019-10-14 17:32:34,500 DEBUG [main] cache:45 - TemplateLoader.findTemplateSource("Extent.ftl"): Found
2019-10-14 17:32:34,503 DEBUG [main] cache:45 - Loading template for "Extent.ftl"("en_US", UTF-8, parsed) from "jar:file:/C:/Users/saurabh.chauhan/.m2/repository/com/relevantcodes/extentreports/2.41.2/extentreports-2.41.2.jar!/com/relevantcodes/extentreports/view/Extent.ftl"
2019-10-14 17:36:22,240  INFO [main] HomePagetestscripts:43 - Starting Redirection validation
2019-10-14 17:36:22,284  INFO [main] HomePagetestscripts:45 - Redirection is on the correct page
2019-10-14 17:36:22,285  INFO [main] HomePagetestscripts:46 - Starting the homepage testing
2019-10-14 17:41:55,823  INFO [main] HomePagetestscripts:43 - Starting Redirection validation
2019-10-14 17:41:55,883  INFO [main] HomePagetestscripts:45 - Redirection is on the correct page
2019-10-14 17:41:55,884  INFO [main] HomePagetestscripts:46 - Starting the homepage testing
2019-10-14 17:42:15,085  INFO [main] HomePagetestscripts:60 - Validation done
2019-10-14 17:42:16,442  INFO [main] HomePagetestscripts:60 - Validation done
2019-10-14 17:42:17,851  INFO [main] HomePagetestscripts:78 - Validation done
2019-10-14 17:42:19,113  INFO [main] HomePagetestscripts:78 - Validation done
2019-10-14 17:42:19,236 DEBUG [main] cache:45 - Couldn't find template in cache for "Extent.ftl"("en_US", UTF-8, parsed); will try to load it.
2019-10-14 17:42:19,238 DEBUG [main] cache:45 - TemplateLoader.findTemplateSource("Extent_en_US.ftl"): Not found
2019-10-14 17:42:19,240 DEBUG [main] cache:45 - TemplateLoader.findTemplateSource("Extent_en.ftl"): Not found
2019-10-14 17:42:19,242 DEBUG [main] cache:45 - TemplateLoader.findTemplateSource("Extent.ftl"): Found
2019-10-14 17:42:19,243 DEBUG [main] cache:45 - Loading template for "Extent.ftl"("en_US", UTF-8, parsed) from "jar:file:/C:/Users/saurabh.chauhan/.m2/repository/com/relevantcodes/extentreports/2.41.2/extentreports-2.41.2.jar!/com/relevantcodes/extentreports/view/Extent.ftl"
2019-10-14 17:42:19,561 DEBUG [main] cache:45 - Couldn't find template in cache for "Extent.ftl"("en_US", UTF-8, parsed); will try to load it.
2019-10-14 17:42:19,562 DEBUG [main] cache:45 - TemplateLoader.findTemplateSource("Extent_en_US.ftl"): Not found
2019-10-14 17:42:19,563 DEBUG [main] cache:45 - TemplateLoader.findTemplateSource("Extent_en.ftl"): Not found
2019-10-14 17:42:19,566 DEBUG [main] cache:45 - TemplateLoader.findTemplateSource("Extent.ftl"): Found
2019-10-14 17:42:19,567 DEBUG [main] cache:45 - Loading template for "Extent.ftl"("en_US", UTF-8, parsed) from "jar:file:/C:/Users/saurabh.chauhan/.m2/repository/com/relevantcodes/extentreports/2.41.2/extentreports-2.41.2.jar!/com/relevantcodes/extentreports/view/Extent.ftl"
2019-10-14 17:54:41,811  INFO [main] HomePagetestscripts:43 - Starting Redirection validation
2019-10-14 17:54:41,849  INFO [main] HomePagetestscripts:45 - Redirection is on the correct page
2019-10-14 17:54:41,850  INFO [main] HomePagetestscripts:46 - Starting the homepage testing
2019-10-14 17:55:01,778  INFO [main] HomePagetestscripts:60 - Validation done
2019-10-14 17:55:03,586  INFO [main] HomePagetestscripts:60 - Validation done
2019-10-14 17:55:05,356  INFO [main] HomePagetestscripts:79 - Validation done
2019-10-14 17:55:06,859  INFO [main] HomePagetestscripts:79 - Validation done
2019-10-14 17:55:27,766  INFO [main] HeroImageProducttestscripts:31 - Files has been loaded
2019-10-14 17:55:27,772  INFO [main] HeroImageProducttestscripts:42 - Starting Redirection validation
2019-10-14 17:55:34,598  INFO [main] HeroImageProducttestscripts:60 - Content validation is correct
2019-10-14 17:55:34,914  INFO [main] HeroImageProducttestscripts:63 - Content is present
2019-10-14 17:55:34,915  INFO [main] HeroImageProducttestscripts:64 - Starting Sorting functionality testing
2019-10-14 17:55:35,154  INFO [main] HeroImageProducttestscripts:76 - Content is present
2019-10-14 17:55:35,155  INFO [main] HeroImageProducttestscripts:77 - Starting Sorting functionality testing
2019-10-14 17:55:57,063  INFO [main] HomePageComputerPeripherals:35 - Files loaded
2019-10-14 17:56:00,434  INFO [main] HomePageComputerPeripherals:54 - Validation done
2019-10-14 17:56:54,674 DEBUG [main] cache:45 - Couldn't find template in cache for "Extent.ftl"("en_US", UTF-8, parsed); will try to load it.
2019-10-14 17:56:54,677 DEBUG [main] cache:45 - TemplateLoader.findTemplateSource("Extent_en_US.ftl"): Not found
2019-10-14 17:56:54,679 DEBUG [main] cache:45 - TemplateLoader.findTemplateSource("Extent_en.ftl"): Not found
2019-10-14 17:56:54,681 DEBUG [main] cache:45 - TemplateLoader.findTemplateSource("Extent.ftl"): Found
2019-10-14 17:56:54,682 DEBUG [main] cache:45 - Loading template for "Extent.ftl"("en_US", UTF-8, parsed) from "jar:file:/C:/Users/saurabh.chauhan/.m2/repository/com/relevantcodes/extentreports/2.41.2/extentreports-2.41.2.jar!/com/relevantcodes/extentreports/view/Extent.ftl"
2019-10-14 17:56:55,160 DEBUG [main] cache:45 - Couldn't find template in cache for "Extent.ftl"("en_US", UTF-8, parsed); will try to load it.
2019-10-14 17:56:55,163 DEBUG [main] cache:45 - TemplateLoader.findTemplateSource("Extent_en_US.ftl"): Not found
2019-10-14 17:56:55,164 DEBUG [main] cache:45 - TemplateLoader.findTemplateSource("Extent_en.ftl"): Not found
2019-10-14 17:56:55,165 DEBUG [main] cache:45 - TemplateLoader.findTemplateSource("Extent.ftl"): Found
2019-10-14 17:56:55,166 DEBUG [main] cache:45 - Loading template for "Extent.ftl"("en_US", UTF-8, parsed) from "jar:file:/C:/Users/saurabh.chauhan/.m2/repository/com/relevantcodes/extentreports/2.41.2/extentreports-2.41.2.jar!/com/relevantcodes/extentreports/view/Extent.ftl"
2019-10-14 18:12:28,469  INFO [main] HomePagetestscripts:43 - Starting Redirection validation
2019-10-14 18:12:28,518  INFO [main] HomePagetestscripts:45 - Redirection is on the correct page
2019-10-14 18:12:28,519  INFO [main] HomePagetestscripts:46 - Starting the homepage testing
2019-10-14 18:12:48,370  INFO [main] HomePagetestscripts:60 - Validation done
2019-10-14 18:12:50,141  INFO [main] HomePagetestscripts:60 - Validation done
2019-10-14 18:12:51,821  INFO [main] HomePagetestscripts:79 - Validation done
2019-10-14 18:12:53,404  INFO [main] HomePagetestscripts:79 - Validation done
2019-10-14 18:13:09,485  INFO [main] HeroImageProducttestscripts:31 - Files has been loaded
2019-10-14 18:13:09,489  INFO [main] HeroImageProducttestscripts:42 - Starting Redirection validation
2019-10-14 18:13:17,191  INFO [main] HeroImageProducttestscripts:60 - Content validation is correct
2019-10-14 18:13:17,485  INFO [main] HeroImageProducttestscripts:63 - Content is present
2019-10-14 18:13:17,485  INFO [main] HeroImageProducttestscripts:64 - Starting Sorting functionality testing
2019-10-14 18:13:17,684  INFO [main] HeroImageProducttestscripts:76 - Content is present
2019-10-14 18:13:17,684  INFO [main] HeroImageProducttestscripts:77 - Starting Sorting functionality testing
2019-10-14 18:13:45,933  INFO [main] HomePageComputerPeripherals:35 - Files loaded
2019-10-14 18:13:49,286  INFO [main] HomePageComputerPeripherals:54 - Validation done
2019-10-14 18:14:40,410 DEBUG [main] cache:45 - Couldn't find template in cache for "Extent.ftl"("en_US", UTF-8, parsed); will try to load it.
2019-10-14 18:14:40,412 DEBUG [main] cache:45 - TemplateLoader.findTemplateSource("Extent_en_US.ftl"): Not found
2019-10-14 18:14:40,415 DEBUG [main] cache:45 - TemplateLoader.findTemplateSource("Extent_en.ftl"): Not found
2019-10-14 18:14:40,417 DEBUG [main] cache:45 - TemplateLoader.findTemplateSource("Extent.ftl"): Found
2019-10-14 18:14:40,418 DEBUG [main] cache:45 - Loading template for "Extent.ftl"("en_US", UTF-8, parsed) from "jar:file:/C:/Users/saurabh.chauhan/.m2/repository/com/relevantcodes/extentreports/2.41.2/extentreports-2.41.2.jar!/com/relevantcodes/extentreports/view/Extent.ftl"
2019-10-14 18:14:40,792 DEBUG [main] cache:45 - Couldn't find template in cache for "Extent.ftl"("en_US", UTF-8, parsed); will try to load it.
2019-10-14 18:14:40,793 DEBUG [main] cache:45 - TemplateLoader.findTemplateSource("Extent_en_US.ftl"): Not found
2019-10-14 18:14:40,795 DEBUG [main] cache:45 - TemplateLoader.findTemplateSource("Extent_en.ftl"): Not found
2019-10-14 18:14:40,797 DEBUG [main] cache:45 - TemplateLoader.findTemplateSource("Extent.ftl"): Found
2019-10-14 18:14:40,797 DEBUG [main] cache:45 - Loading template for "Extent.ftl"("en_US", UTF-8, parsed) from "jar:file:/C:/Users/saurabh.chauhan/.m2/repository/com/relevantcodes/extentreports/2.41.2/extentreports-2.41.2.jar!/com/relevantcodes/extentreports/view/Extent.ftl"
2019-10-14 18:27:13,255  INFO [main] HomePagetestscripts:43 - Starting Redirection validation
2019-10-14 18:27:13,300  INFO [main] HomePagetestscripts:45 - Redirection is on the correct page
2019-10-14 18:27:13,300  INFO [main] HomePagetestscripts:46 - Starting the homepage testing
2019-10-14 18:27:33,041  INFO [main] HomePagetestscripts:60 - Validation done
2019-10-14 18:27:34,461  INFO [main] HomePagetestscripts:60 - Validation done
2019-10-14 18:27:36,052  INFO [main] HomePagetestscripts:79 - Validation done
2019-10-14 18:27:37,443  INFO [main] HomePagetestscripts:79 - Validation done
2019-10-14 18:27:58,859  INFO [main] HeroImageProducttestscripts:31 - Files has been loaded
2019-10-14 18:27:58,864  INFO [main] HeroImageProducttestscripts:42 - Starting Redirection validation
2019-10-14 18:28:04,677  INFO [main] HeroImageProducttestscripts:60 - Content validation is correct
2019-10-14 18:28:04,927  INFO [main] HeroImageProducttestscripts:63 - Content is present
2019-10-14 18:28:04,927  INFO [main] HeroImageProducttestscripts:64 - Starting Sorting functionality testing
2019-10-14 18:28:05,093  INFO [main] HeroImageProducttestscripts:76 - Content is present
2019-10-14 18:28:05,094  INFO [main] HeroImageProducttestscripts:77 - Starting Sorting functionality testing
2019-10-14 18:28:08,465  INFO [main] HeroImageProducttestscripts:92 - sorting is correct
2019-10-14 18:28:13,736  INFO [main] HeroImageProducttestscripts:107 - sorting is correct
2019-10-14 18:28:29,006  INFO [main] HomePageComputerPeripherals:35 - Files loaded
2019-10-14 18:28:31,821  INFO [main] HomePageComputerPeripherals:54 - Validation done
2019-10-14 18:28:48,615  INFO [main] HomePageComputerPeripherals:90 - Validation done
2019-10-14 18:28:56,570  INFO [main] HomePageComputerPeripherals:90 - Validation done
2019-10-14 18:29:05,827  INFO [main] HomePageComputerPeripherals:90 - Validation done
2019-10-14 18:29:13,559  INFO [main] HomePageComputerPeripherals:90 - Validation done
2019-10-14 18:29:21,666  INFO [main] HomePageComputerPeripherals:90 - Validation done
2019-10-14 18:29:21,717 DEBUG [main] cache:45 - Couldn't find template in cache for "Extent.ftl"("en_US", UTF-8, parsed); will try to load it.
2019-10-14 18:29:21,722 DEBUG [main] cache:45 - TemplateLoader.findTemplateSource("Extent_en_US.ftl"): Not found
2019-10-14 18:29:21,725 DEBUG [main] cache:45 - TemplateLoader.findTemplateSource("Extent_en.ftl"): Not found
2019-10-14 18:29:21,727 DEBUG [main] cache:45 - TemplateLoader.findTemplateSource("Extent.ftl"): Found
2019-10-14 18:29:21,728 DEBUG [main] cache:45 - Loading template for "Extent.ftl"("en_US", UTF-8, parsed) from "jar:file:/C:/Users/saurabh.chauhan/.m2/repository/com/relevantcodes/extentreports/2.41.2/extentreports-2.41.2.jar!/com/relevantcodes/extentreports/view/Extent.ftl"
2019-10-14 18:29:22,189 DEBUG [main] cache:45 - Couldn't find template in cache for "Extent.ftl"("en_US", UTF-8, parsed); will try to load it.
2019-10-14 18:29:22,190 DEBUG [main] cache:45 - TemplateLoader.findTemplateSource("Extent_en_US.ftl"): Not found
2019-10-14 18:29:22,191 DEBUG [main] cache:45 - TemplateLoader.findTemplateSource("Extent_en.ftl"): Not found
2019-10-14 18:29:22,191 DEBUG [main] cache:45 - TemplateLoader.findTemplateSource("Extent.ftl"): Found
2019-10-14 18:29:22,192 DEBUG [main] cache:45 - Loading template for "Extent.ftl"("en_US", UTF-8, parsed) from "jar:file:/C:/Users/saurabh.chauhan/.m2/repository/com/relevantcodes/extentreports/2.41.2/extentreports-2.41.2.jar!/com/relevantcodes/extentreports/view/Extent.ftl"
2019-10-14 18:31:05,577  INFO [main] HomePagetestscripts:43 - Starting Redirection validation
2019-10-14 18:31:05,638  INFO [main] HomePagetestscripts:45 - Redirection is on the correct page
2019-10-14 18:31:05,639  INFO [main] HomePagetestscripts:46 - Starting the homepage testing
2019-10-14 18:31:28,794  INFO [main] HomePagetestscripts:60 - Validation done
2019-10-14 18:31:30,819  INFO [main] HomePagetestscripts:60 - Validation done
2019-10-14 18:31:32,559  INFO [main] HomePagetestscripts:79 - Validation done
2019-10-14 18:31:34,357  INFO [main] HomePagetestscripts:79 - Validation done
2019-10-14 18:31:55,543  INFO [main] HeroImageProducttestscripts:31 - Files has been loaded
2019-10-14 18:31:55,550  INFO [main] HeroImageProducttestscripts:42 - Starting Redirection validation
2019-10-14 18:32:02,601  INFO [main] HeroImageProducttestscripts:60 - Content validation is correct
2019-10-14 18:32:02,937  INFO [main] HeroImageProducttestscripts:63 - Content is present
2019-10-14 18:32:02,938  INFO [main] HeroImageProducttestscripts:64 - Starting Sorting functionality testing
2019-10-14 18:32:03,220  INFO [main] HeroImageProducttestscripts:76 - Content is present
2019-10-14 18:32:03,221  INFO [main] HeroImageProducttestscripts:77 - Starting Sorting functionality testing
2019-10-14 18:32:08,292  INFO [main] HeroImageProducttestscripts:92 - sorting is correct
2019-10-14 18:32:15,135  INFO [main] HeroImageProducttestscripts:107 - sorting is correct
2019-10-14 18:32:32,441  INFO [main] HomePageComputerPeripherals:35 - Files loaded
2019-10-14 18:32:35,432  INFO [main] HomePageComputerPeripherals:54 - Validation done
2019-10-14 18:32:53,772  INFO [main] HomePageComputerPeripherals:90 - Validation done
2019-10-14 18:33:01,809  INFO [main] HomePageComputerPeripherals:90 - Validation done
2019-10-14 18:33:14,356  INFO [main] HomePageComputerPeripherals:90 - Validation done
2019-10-14 18:33:22,503  INFO [main] HomePageComputerPeripherals:90 - Validation done
2019-10-14 18:33:32,408  INFO [main] HomePageComputerPeripherals:90 - Validation done
2019-10-14 18:33:32,529 DEBUG [main] cache:45 - Couldn't find template in cache for "Extent.ftl"("en_US", UTF-8, parsed); will try to load it.
2019-10-14 18:33:32,532 DEBUG [main] cache:45 - TemplateLoader.findTemplateSource("Extent_en_US.ftl"): Not found
2019-10-14 18:33:32,535 DEBUG [main] cache:45 - TemplateLoader.findTemplateSource("Extent_en.ftl"): Not found
2019-10-14 18:33:32,537 DEBUG [main] cache:45 - TemplateLoader.findTemplateSource("Extent.ftl"): Found
2019-10-14 18:33:32,537 DEBUG [main] cache:45 - Loading template for "Extent.ftl"("en_US", UTF-8, parsed) from "jar:file:/C:/Users/saurabh.chauhan/.m2/repository/com/relevantcodes/extentreports/2.41.2/extentreports-2.41.2.jar!/com/relevantcodes/extentreports/view/Extent.ftl"
2019-10-14 18:33:33,190 DEBUG [main] cache:45 - Couldn't find template in cache for "Extent.ftl"("en_US", UTF-8, parsed); will try to load it.
2019-10-14 18:33:33,191 DEBUG [main] cache:45 - TemplateLoader.findTemplateSource("Extent_en_US.ftl"): Not found
2019-10-14 18:33:33,192 DEBUG [main] cache:45 - TemplateLoader.findTemplateSource("Extent_en.ftl"): Not found
2019-10-14 18:33:33,193 DEBUG [main] cache:45 - TemplateLoader.findTemplateSource("Extent.ftl"): Found
2019-10-14 18:33:33,200 DEBUG [main] cache:45 - Loading template for "Extent.ftl"("en_US", UTF-8, parsed) from "jar:file:/C:/Users/saurabh.chauhan/.m2/repository/com/relevantcodes/extentreports/2.41.2/extentreports-2.41.2.jar!/com/relevantcodes/extentreports/view/Extent.ftl"
2019-10-14 18:46:47,691  INFO [main] HomePageComputerPeripherals:35 - Files loaded
2019-10-14 18:46:51,623  INFO [main] HomePageComputerPeripherals:54 - Validation done
2019-10-14 18:46:55,257  INFO [main] HomePageComputerPeripherals:74 - Validation done
2019-10-14 18:47:05,096  INFO [main] HomePageComputerPeripherals:90 - Validation done
2019-10-14 18:47:12,957  INFO [main] HomePageComputerPeripherals:90 - Validation done
2019-10-14 18:47:21,106  INFO [main] HomePageComputerPeripherals:90 - Validation done
2019-10-14 18:47:28,250  INFO [main] HomePageComputerPeripherals:90 - Validation done
2019-10-14 18:47:36,234  INFO [main] HomePageComputerPeripherals:90 - Validation done
2019-10-14 18:47:36,297 DEBUG [main] cache:45 - Couldn't find template in cache for "Extent.ftl"("en_US", UTF-8, parsed); will try to load it.
2019-10-14 18:47:36,297 DEBUG [main] cache:45 - TemplateLoader.findTemplateSource("Extent_en_US.ftl"): Not found
2019-10-14 18:47:36,297 DEBUG [main] cache:45 - TemplateLoader.findTemplateSource("Extent_en.ftl"): Not found
2019-10-14 18:47:36,297 DEBUG [main] cache:45 - TemplateLoader.findTemplateSource("Extent.ftl"): Found
2019-10-14 18:47:36,297 DEBUG [main] cache:45 - Loading template for "Extent.ftl"("en_US", UTF-8, parsed) from "jar:file:/C:/Users/saurabh.chauhan/.m2/repository/com/relevantcodes/extentreports/2.41.2/extentreports-2.41.2.jar!/com/relevantcodes/extentreports/view/Extent.ftl"
2019-10-14 18:47:36,594 DEBUG [main] cache:45 - Couldn't find template in cache for "Extent.ftl"("en_US", UTF-8, parsed); will try to load it.
2019-10-14 18:47:36,594 DEBUG [main] cache:45 - TemplateLoader.findTemplateSource("Extent_en_US.ftl"): Not found
2019-10-14 18:47:36,594 DEBUG [main] cache:45 - TemplateLoader.findTemplateSource("Extent_en.ftl"): Not found
2019-10-14 18:47:36,594 DEBUG [main] cache:45 - TemplateLoader.findTemplateSource("Extent.ftl"): Found
2019-10-14 18:47:36,594 DEBUG [main] cache:45 - Loading template for "Extent.ftl"("en_US", UTF-8, parsed) from "jar:file:/C:/Users/saurabh.chauhan/.m2/repository/com/relevantcodes/extentreports/2.41.2/extentreports-2.41.2.jar!/com/relevantcodes/extentreports/view/Extent.ftl"
2019-10-14 18:48:11,408  INFO [main] HeroImageProducttestscripts:31 - Files has been loaded
2019-10-14 18:48:11,444  INFO [main] HeroImageProducttestscripts:42 - Starting Redirection validation
2019-10-14 18:48:18,597  INFO [main] HeroImageProducttestscripts:60 - Content validation is correct
2019-10-14 18:48:18,882  INFO [main] HeroImageProducttestscripts:63 - Content is present
2019-10-14 18:48:18,883  INFO [main] HeroImageProducttestscripts:64 - Starting Sorting functionality testing
2019-10-14 18:48:19,053  INFO [main] HeroImageProducttestscripts:76 - Content is present
2019-10-14 18:48:19,054  INFO [main] HeroImageProducttestscripts:77 - Starting Sorting functionality testing
2019-10-14 18:48:25,452  INFO [main] HeroImageProducttestscripts:92 - sorting is correct
2019-10-14 18:48:39,833  INFO [main] HeroImageProducttestscripts:107 - sorting is correct
2019-10-14 18:48:39,914 DEBUG [main] cache:45 - Couldn't find template in cache for "Extent.ftl"("en_US", UTF-8, parsed); will try to load it.
2019-10-14 18:48:39,917 DEBUG [main] cache:45 - TemplateLoader.findTemplateSource("Extent_en_US.ftl"): Not found
2019-10-14 18:48:39,920 DEBUG [main] cache:45 - TemplateLoader.findTemplateSource("Extent_en.ftl"): Not found
2019-10-14 18:48:39,921 DEBUG [main] cache:45 - TemplateLoader.findTemplateSource("Extent.ftl"): Found
2019-10-14 18:48:39,922 DEBUG [main] cache:45 - Loading template for "Extent.ftl"("en_US", UTF-8, parsed) from "jar:file:/C:/Users/saurabh.chauhan/.m2/repository/com/relevantcodes/extentreports/2.41.2/extentreports-2.41.2.jar!/com/relevantcodes/extentreports/view/Extent.ftl"
2019-10-14 18:48:40,374 DEBUG [main] cache:45 - Couldn't find template in cache for "Extent.ftl"("en_US", UTF-8, parsed); will try to load it.
2019-10-14 18:48:40,375 DEBUG [main] cache:45 - TemplateLoader.findTemplateSource("Extent_en_US.ftl"): Not found
2019-10-14 18:48:40,378 DEBUG [main] cache:45 - TemplateLoader.findTemplateSource("Extent_en.ftl"): Not found
2019-10-14 18:48:40,379 DEBUG [main] cache:45 - TemplateLoader.findTemplateSource("Extent.ftl"): Found
2019-10-14 18:48:40,380 DEBUG [main] cache:45 - Loading template for "Extent.ftl"("en_US", UTF-8, parsed) from "jar:file:/C:/Users/saurabh.chauhan/.m2/repository/com/relevantcodes/extentreports/2.41.2/extentreports-2.41.2.jar!/com/relevantcodes/extentreports/view/Extent.ftl"
